<?xml version="1.0" encoding="UTF-8"?>
<!-- Generated by org.testng.reporters.JUnitXMLReporter -->
<testsuite hostname="DESKTOP-5SVD3IG" ignored="0" name="Test" tests="2" failures="1" timestamp="2021-08-03T20:37:50 IST" time="65.304" errors="0">
  <testcase name="googleSearch" time="15.798" classname="com.main.Tests.GoogleSearchTest"/>
  <testcase name="googleSearch" time="42.743" classname="com.main.Tests.GoogleSearchTest">
    <failure type="java.lang.AssertionError" message="expected [true] but found [false]">
      <![CDATA[java.lang.AssertionError: expected [true] but found [false]
at com.main.Tests.GoogleSearchTest.googleSearch(GoogleSearchTest.java:65)
at java.util.ArrayList.forEach(ArrayList.java:1259)
... Removed 33 stack frames]]>
    </failure>
  </testcase> <!-- googleSearch -->
</testsuite> <!-- Test -->
